<?xml version="1.0" encoding="UTF-8"?>
<testsuite name="cool.lexer.LexerSpec" tests="1" skipped="0" failures="0" errors="0" timestamp="2016-04-03T13:55:25" hostname="helton" time="1.042">
  <properties/>
  <testcase name="it should recognize multiple tokens" classname="cool.lexer.LexerSpec" time="1.042"/>
  <system-out><![CDATA[here!
cool.lexer.Token(CLASS, cool.lexer.Position(1, 1), class)
here!
cool.lexer.Token(ID, cool.lexer.Position(1, 7), Foo)
here!
cool.lexer.Token(LEFT_BRACE, cool.lexer.Position(1, 11), {)
here!
cool.lexer.Token(RIGHT_BRACE, cool.lexer.Position(1, 13), })
]]></system-out>
  <system-err><![CDATA[]]></system-err>
</testsuite>
